{"/Users/jack/code/wp-gizmo/wp-content/plugins/wp-gizmo/gulp/pipes.js": {"path":"/Users/jack/code/wp-gizmo/wp-content/plugins/wp-gizmo/gulp/pipes.js","statementMap":{"0":{"start":{"line":3,"column":17},"end":{"line":3,"column":36}},"1":{"start":{"line":5,"column":15},"end":{"line":5,"column":37}},"2":{"start":{"line":6,"column":15},"end":{"line":6,"column":40}},"3":{"start":{"line":7,"column":15},"end":{"line":7,"column":37}},"4":{"start":{"line":8,"column":22},"end":{"line":8,"column":52}},"5":{"start":{"line":11,"column":29},"end":{"line":16,"column":3}},"6":{"start":{"line":19,"column":13},"end":{"line":21,"column":22}},"7":{"start":{"line":23,"column":15},"end":{"line":39,"column":3}},"8":{"start":{"line":41,"column":0},"end":{"line":41,"column":20}},"9":{"start":{"line":42,"column":0},"end":{"line":42,"column":24}}},"fnMap":{},"branchMap":{},"s":{"0":1,"1":1,"2":1,"3":1,"4":1,"5":1,"6":1,"7":1,"8":1,"9":1},"f":{},"b":{},"_coverageSchema":"1a1c01bbd47fc00a2c39e90264f33305004495a9","hash":"62deb52898bc3208bcad1d59f75f236b4e2d9dd9"}
}
